Build started 7/7/2015 4:35:54 PM.
     1>Project "C:\Users\resaglow\Dev\CUDA Fingerprinting\CUDA-Fingerprinting\Code\CUDAFingerPrinting.GPU.BinCylinderCorrelation\CUDAFingerPrinting.GPU.BinCylinderCorrelation.vcxproj" on node 2 (Build target(s)).
     1>AddCudaCompileDeps:
         C:\Program Files (x86)\Microsoft Visual Studio 12.0\VC\bin\cl.exe /E /nologo /showIncludes /TP /D__CUDACC__ /DWIN32 /D_DEBUG /D_CONSOLE /D_MBCS /I"C:\Program Files\NVIDIA GPU Computing Toolkit\CUDA\v7.0\include" /I"C:\Program Files\NVIDIA GPU Computing Toolkit\CUDA\v7.0\bin" /I"C:\Program Files\NVIDIA GPU Computing Toolkit\CUDA\v7.0\include" /I. /FIcuda_runtime.h /c "C:\Users\resaglow\Dev\CUDA Fingerprinting\CUDA-Fingerprinting\Code\CUDAFingerPrinting.GPU.BinCylinderCorrelation\kernel.cu" 
       CudaBuild:
         Compiling CUDA source file kernel.cu...
         cmd.exe /C "C:\Users\resaglow\AppData\Local\Temp\tmpef55d478687843e6b00899669fe96ab3.cmd"
         "C:\Program Files\NVIDIA GPU Computing Toolkit\CUDA\v7.0\bin\nvcc.exe" -gencode=arch=compute_20,code=\"sm_20,compute_20\" --use-local-env --cl-version 2013 -ccbin "C:\Program Files (x86)\Microsoft Visual Studio 12.0\VC\bin"  -I"C:\Program Files\NVIDIA GPU Computing Toolkit\CUDA\v7.0\include" -I"C:\Program Files\NVIDIA GPU Computing Toolkit\CUDA\v7.0\include"  -G   --keep-dir Debug -maxrregcount=0  --machine 32 --compile -cudart static  -g   -DWIN32 -D_DEBUG -D_CONSOLE -D_MBCS -Xcompiler "/EHsc /W3 /nologo /Od /Zi /RTC1 /MDd  " -o Debug\kernel.cu.obj "C:\Users\resaglow\Dev\CUDA Fingerprinting\CUDA-Fingerprinting\Code\CUDAFingerPrinting.GPU.BinCylinderCorrelation\kernel.cu"
         
         C:\Users\resaglow\Dev\CUDA Fingerprinting\CUDA-Fingerprinting\Code\CUDAFingerPrinting.GPU.BinCylinderCorrelation>"C:\Program Files\NVIDIA GPU Computing Toolkit\CUDA\v7.0\bin\nvcc.exe" -gencode=arch=compute_20,code=\"sm_20,compute_20\" --use-local-env --cl-version 2013 -ccbin "C:\Program Files (x86)\Microsoft Visual Studio 12.0\VC\bin"  -I"C:\Program Files\NVIDIA GPU Computing Toolkit\CUDA\v7.0\include" -I"C:\Program Files\NVIDIA GPU Computing Toolkit\CUDA\v7.0\include"  -G   --keep-dir Debug -maxrregcount=0  --machine 32 --compile -cudart static  -g   -DWIN32 -D_DEBUG -D_CONSOLE -D_MBCS -Xcompiler "/EHsc /W3 /nologo /Od /Zi /RTC1 /MDd  " -o Debug\kernel.cu.obj "C:\Users\resaglow\Dev\CUDA Fingerprinting\CUDA-Fingerprinting\Code\CUDAFingerPrinting.GPU.BinCylinderCorrelation\kernel.cu" 
         kernel.cu
       Link:
         C:\Program Files (x86)\Microsoft Visual Studio 12.0\VC\bin\link.exe /ERRORREPORT:PROMPT /OUT:"C:\Users\resaglow\Dev\CUDA Fingerprinting\CUDA-Fingerprinting\Code\Debug\CUDAFingerPrinting.GPU.BinCylinderCorrelation.exe" /INCREMENTAL /NOLOGO /LIBPATH:"C:\Program Files\NVIDIA GPU Computing Toolkit\CUDA\v7.0\lib\Win32" cudart.lib kernel32.lib user32.lib gdi32.lib winspool.lib comdlg32.lib advapi32.lib shell32.lib ole32.lib oleaut32.lib uuid.lib odbc32.lib odbccp32.lib kernel32.lib user32.lib gdi32.lib winspool.lib comdlg32.lib advapi32.lib shell32.lib ole32.lib oleaut32.lib uuid.lib odbc32.lib odbccp32.lib /MANIFEST /MANIFESTUAC:"level='asInvoker' uiAccess='false'" /manifest:embed /DEBUG /PDB:"C:\Users\resaglow\Dev\CUDA Fingerprinting\CUDA-Fingerprinting\Code\Debug\CUDAFingerPrinting.GPU.BinCylinderCorrelation.pdb" /SUBSYSTEM:CONSOLE /TLBID:1 /DYNAMICBASE /NXCOMPAT /IMPLIB:"C:\Users\resaglow\Dev\CUDA Fingerprinting\CUDA-Fingerprinting\Code\Debug\CUDAFingerPrinting.GPU.BinCylinderCorrelation.lib" /MACHINE:X86 Debug\kernel.cu.obj
         CUDAFingerPrinting.GPU.BinCylinderCorrelation.vcxproj -> C:\Users\resaglow\Dev\CUDA Fingerprinting\CUDA-Fingerprinting\Code\Debug\CUDAFingerPrinting.GPU.BinCylinderCorrelation.exe
       PostBuildEvent:
         echo copy "C:\Program Files\NVIDIA GPU Computing Toolkit\CUDA\v7.0\bin\cudart*.dll" "C:\Users\resaglow\Dev\CUDA Fingerprinting\CUDA-Fingerprinting\Code\Debug\"
         copy "C:\Program Files\NVIDIA GPU Computing Toolkit\CUDA\v7.0\bin\cudart*.dll" "C:\Users\resaglow\Dev\CUDA Fingerprinting\CUDA-Fingerprinting\Code\Debug\"
         :VCEnd
         copy "C:\Program Files\NVIDIA GPU Computing Toolkit\CUDA\v7.0\bin\cudart*.dll" "C:\Users\resaglow\Dev\CUDA Fingerprinting\CUDA-Fingerprinting\Code\Debug\"
         C:\Program Files\NVIDIA GPU Computing Toolkit\CUDA\v7.0\bin\cudart32_70.dll
         C:\Program Files\NVIDIA GPU Computing Toolkit\CUDA\v7.0\bin\cudart64_70.dll
                 2 file(s) copied.
     1>Done Building Project "C:\Users\resaglow\Dev\CUDA Fingerprinting\CUDA-Fingerprinting\Code\CUDAFingerPrinting.GPU.BinCylinderCorrelation\CUDAFingerPrinting.GPU.BinCylinderCorrelation.vcxproj" (Build target(s)).

Build succeeded.

Time Elapsed 00:00:04.61
